{
"contracts\\Lock.sol":{"l":{"14":2,"19":1,"20":1,"27":5,"28":4,"30":3,"32":3},"path":"E:\\test\\Emanuella\\contracts\\Lock.sol","s":{"1":2,"2":5,"3":4,"4":3,"5":3},"b":{"1":[1,1],"2":[4,1],"3":[3,1]},"f":{"1":2,"2":5},"fnMap":{"1":{"name":"constructor","line":13,"loc":{"start":{"line":13,"column":4},"end":{"line":21,"column":4}}},"2":{"name":"withdraw","line":23,"loc":{"start":{"line":23,"column":4},"end":{"line":33,"column":4}}}},"statementMap":{"1":{"start":{"line":14,"column":8},"end":{"line":14,"column":328}},"2":{"start":{"line":27,"column":8},"end":{"line":27,"column":71}},"3":{"start":{"line":28,"column":8},"end":{"line":28,"column":59}},"4":{"start":{"line":30,"column":8},"end":{"line":30,"column":63}},"5":{"start":{"line":32,"column":8},"end":{"line":32,"column":44}}},"branchMap":{"1":{"line":14,"type":"if","locations":[{"start":{"line":14,"column":8},"end":{"line":14,"column":8}},{"start":{"line":14,"column":8},"end":{"line":14,"column":8}}]},"2":{"line":27,"type":"if","locations":[{"start":{"line":27,"column":8},"end":{"line":27,"column":8}},{"start":{"line":27,"column":8},"end":{"line":27,"column":8}}]},"3":{"line":28,"type":"if","locations":[{"start":{"line":28,"column":8},"end":{"line":28,"column":8}},{"start":{"line":28,"column":8},"end":{"line":28,"column":8}}]}}},
"contracts\\SimpleDex.sol":{"l":{"19":5,"20":5,"21":5,"25":5,"27":5,"28":0,"29":0,"32":5,"33":5,"35":5,"36":5,"38":5,"42":1,"43":1,"45":1,"46":1,"48":1,"49":1,"51":1,"52":1,"54":1,"58":1,"59":1,"61":1,"62":1,"64":1,"65":1,"67":1,"68":1,"70":1,"74":1,"75":1,"77":1,"78":1,"80":1,"81":1,"83":1,"84":1,"86":1,"90":2,"91":2,"92":1,"94":1,"96":0},"path":"E:\\test\\Emanuella\\contracts\\SimpleDex.sol","s":{"1":5,"2":5,"3":5,"4":0,"5":0,"6":5,"7":5,"8":5,"9":1,"10":1,"11":1,"12":1,"13":1,"14":1,"15":1,"16":1,"17":1,"18":1,"19":1,"20":1,"21":1,"22":1,"23":1,"24":1,"25":1,"26":1,"27":1,"28":1,"29":1,"30":2,"31":2,"32":1,"33":1,"34":1,"35":0},"b":{"1":[5,0],"2":[5,0],"3":[5,0],"4":[0,5],"5":[0,0],"6":[1,0],"7":[1,0],"8":[1,0],"9":[1,0],"10":[1,0],"11":[1,0],"12":[1,0],"13":[1,0],"14":[1,0],"15":[1,0],"16":[2,0],"17":[1,1],"18":[1,0]},"f":{"1":5,"2":5,"3":1,"4":1,"5":1,"6":2},"fnMap":{"1":{"name":"constructor","line":18,"loc":{"start":{"line":18,"column":4},"end":{"line":22,"column":4}}},"2":{"name":"addLiquidity","line":24,"loc":{"start":{"line":24,"column":4},"end":{"line":39,"column":4}}},"3":{"name":"removeLiquidity","line":41,"loc":{"start":{"line":41,"column":4},"end":{"line":55,"column":4}}},"4":{"name":"swapAforB","line":57,"loc":{"start":{"line":57,"column":4},"end":{"line":71,"column":4}}},"5":{"name":"swapBforA","line":73,"loc":{"start":{"line":73,"column":4},"end":{"line":87,"column":4}}},"6":{"name":"getPrice","line":89,"loc":{"start":{"line":89,"column":4},"end":{"line":98,"column":4}}}},"statementMap":{"1":{"start":{"line":19,"column":8},"end":{"line":19,"column":87}},"2":{"start":{"line":25,"column":8},"end":{"line":25,"column":65}},"3":{"start":{"line":27,"column":8},"end":{"line":27,"column":1018}},"4":{"start":{"line":28,"column":12},"end":{"line":28,"column":63}},"5":{"start":{"line":29,"column":12},"end":{"line":29,"column":57}},"6":{"start":{"line":35,"column":8},"end":{"line":35,"column":62}},"7":{"start":{"line":36,"column":8},"end":{"line":36,"column":62}},"8":{"start":{"line":38,"column":8},"end":{"line":38,"column":57}},"9":{"start":{"line":42,"column":8},"end":{"line":42,"column":65}},"10":{"start":{"line":43,"column":8},"end":{"line":43,"column":83}},"11":{"start":{"line":45,"column":8},"end":{"line":45,"column":59}},"12":{"start":{"line":46,"column":8},"end":{"line":46,"column":53}},"13":{"start":{"line":51,"column":8},"end":{"line":51,"column":43}},"14":{"start":{"line":52,"column":8},"end":{"line":52,"column":43}},"15":{"start":{"line":54,"column":8},"end":{"line":54,"column":59}},"16":{"start":{"line":58,"column":8},"end":{"line":58,"column":47}},"17":{"start":{"line":59,"column":8},"end":{"line":59,"column":68}},"18":{"start":{"line":61,"column":8},"end":{"line":61,"column":76}},"19":{"start":{"line":62,"column":8},"end":{"line":62,"column":59}},"20":{"start":{"line":67,"column":8},"end":{"line":67,"column":64}},"21":{"start":{"line":68,"column":8},"end":{"line":68,"column":46}},"22":{"start":{"line":70,"column":8},"end":{"line":70,"column":69}},"23":{"start":{"line":74,"column":8},"end":{"line":74,"column":47}},"24":{"start":{"line":75,"column":8},"end":{"line":75,"column":68}},"25":{"start":{"line":77,"column":8},"end":{"line":77,"column":76}},"26":{"start":{"line":78,"column":8},"end":{"line":78,"column":59}},"27":{"start":{"line":83,"column":8},"end":{"line":83,"column":64}},"28":{"start":{"line":84,"column":8},"end":{"line":84,"column":46}},"29":{"start":{"line":86,"column":8},"end":{"line":86,"column":69}},"30":{"start":{"line":90,"column":8},"end":{"line":90,"column":68}},"31":{"start":{"line":91,"column":8},"end":{"line":91,"column":3388}},"32":{"start":{"line":92,"column":12},"end":{"line":92,"column":47}},"33":{"start":{"line":93,"column":15},"end":{"line":93,"column":3487}},"34":{"start":{"line":94,"column":12},"end":{"line":94,"column":47}},"35":{"start":{"line":96,"column":12},"end":{"line":96,"column":34}}},"branchMap":{"1":{"line":19,"type":"if","locations":[{"start":{"line":19,"column":8},"end":{"line":19,"column":8}},{"start":{"line":19,"column":8},"end":{"line":19,"column":8}}]},"2":{"line":24,"type":"if","locations":[{"start":{"line":24,"column":69},"end":{"line":24,"column":69}},{"start":{"line":24,"column":69},"end":{"line":24,"column":69}}]},"3":{"line":25,"type":"if","locations":[{"start":{"line":25,"column":8},"end":{"line":25,"column":8}},{"start":{"line":25,"column":8},"end":{"line":25,"column":8}}]},"4":{"line":27,"type":"if","locations":[{"start":{"line":27,"column":8},"end":{"line":27,"column":8}},{"start":{"line":27,"column":8},"end":{"line":27,"column":8}}]},"5":{"line":29,"type":"if","locations":[{"start":{"line":29,"column":12},"end":{"line":29,"column":12}},{"start":{"line":29,"column":12},"end":{"line":29,"column":12}}]},"6":{"line":41,"type":"if","locations":[{"start":{"line":41,"column":72},"end":{"line":41,"column":72}},{"start":{"line":41,"column":72},"end":{"line":41,"column":72}}]},"7":{"line":42,"type":"if","locations":[{"start":{"line":42,"column":8},"end":{"line":42,"column":8}},{"start":{"line":42,"column":8},"end":{"line":42,"column":8}}]},"8":{"line":43,"type":"if","locations":[{"start":{"line":43,"column":8},"end":{"line":43,"column":8}},{"start":{"line":43,"column":8},"end":{"line":43,"column":8}}]},"9":{"line":46,"type":"if","locations":[{"start":{"line":46,"column":8},"end":{"line":46,"column":8}},{"start":{"line":46,"column":8},"end":{"line":46,"column":8}}]},"10":{"line":58,"type":"if","locations":[{"start":{"line":58,"column":8},"end":{"line":58,"column":8}},{"start":{"line":58,"column":8},"end":{"line":58,"column":8}}]},"11":{"line":59,"type":"if","locations":[{"start":{"line":59,"column":8},"end":{"line":59,"column":8}},{"start":{"line":59,"column":8},"end":{"line":59,"column":8}}]},"12":{"line":62,"type":"if","locations":[{"start":{"line":62,"column":8},"end":{"line":62,"column":8}},{"start":{"line":62,"column":8},"end":{"line":62,"column":8}}]},"13":{"line":74,"type":"if","locations":[{"start":{"line":74,"column":8},"end":{"line":74,"column":8}},{"start":{"line":74,"column":8},"end":{"line":74,"column":8}}]},"14":{"line":75,"type":"if","locations":[{"start":{"line":75,"column":8},"end":{"line":75,"column":8}},{"start":{"line":75,"column":8},"end":{"line":75,"column":8}}]},"15":{"line":78,"type":"if","locations":[{"start":{"line":78,"column":8},"end":{"line":78,"column":8}},{"start":{"line":78,"column":8},"end":{"line":78,"column":8}}]},"16":{"line":90,"type":"if","locations":[{"start":{"line":90,"column":8},"end":{"line":90,"column":8}},{"start":{"line":90,"column":8},"end":{"line":90,"column":8}}]},"17":{"line":91,"type":"if","locations":[{"start":{"line":91,"column":8},"end":{"line":91,"column":8}},{"start":{"line":91,"column":8},"end":{"line":91,"column":8}}]},"18":{"line":93,"type":"if","locations":[{"start":{"line":93,"column":15},"end":{"line":93,"column":15}},{"start":{"line":93,"column":15},"end":{"line":93,"column":15}}]}}},
"contracts\\TokenA.sol":{"l":{"10":5,"14":5,"15":5,"19":0,"20":0},"path":"E:\\test\\Emanuella\\contracts\\TokenA.sol","s":{"1":5,"2":5,"3":5,"4":0,"5":0},"b":{"1":[5,0],"2":[5,0],"3":[0,0],"4":[0,0]},"f":{"1":5,"2":5,"3":0},"fnMap":{"1":{"name":"constructor","line":9,"loc":{"start":{"line":9,"column":4},"end":{"line":11,"column":4}}},"2":{"name":"mint","line":13,"loc":{"start":{"line":13,"column":4},"end":{"line":16,"column":4}}},"3":{"name":"burn","line":18,"loc":{"start":{"line":18,"column":4},"end":{"line":21,"column":4}}}},"statementMap":{"1":{"start":{"line":10,"column":8},"end":{"line":10,"column":46}},"2":{"start":{"line":14,"column":8},"end":{"line":14,"column":44}},"3":{"start":{"line":15,"column":8},"end":{"line":15,"column":43}},"4":{"start":{"line":19,"column":8},"end":{"line":19,"column":44}},"5":{"start":{"line":20,"column":8},"end":{"line":20,"column":51}}},"branchMap":{"1":{"line":13,"type":"if","locations":[{"start":{"line":13,"column":55},"end":{"line":13,"column":55}},{"start":{"line":13,"column":55},"end":{"line":13,"column":55}}]},"2":{"line":14,"type":"if","locations":[{"start":{"line":14,"column":8},"end":{"line":14,"column":8}},{"start":{"line":14,"column":8},"end":{"line":14,"column":8}}]},"3":{"line":18,"type":"if","locations":[{"start":{"line":18,"column":43},"end":{"line":18,"column":43}},{"start":{"line":18,"column":43},"end":{"line":18,"column":43}}]},"4":{"line":19,"type":"if","locations":[{"start":{"line":19,"column":8},"end":{"line":19,"column":8}},{"start":{"line":19,"column":8},"end":{"line":19,"column":8}}]}}},
"contracts\\TokenB.sol":{"l":{"10":5,"14":5,"15":5,"19":0,"20":0},"path":"E:\\test\\Emanuella\\contracts\\TokenB.sol","s":{"1":5,"2":5,"3":5,"4":0,"5":0},"b":{"1":[5,0],"2":[5,0],"3":[0,0],"4":[0,0]},"f":{"1":5,"2":5,"3":0},"fnMap":{"1":{"name":"constructor","line":9,"loc":{"start":{"line":9,"column":4},"end":{"line":11,"column":4}}},"2":{"name":"mint","line":13,"loc":{"start":{"line":13,"column":4},"end":{"line":16,"column":4}}},"3":{"name":"burn","line":18,"loc":{"start":{"line":18,"column":4},"end":{"line":21,"column":4}}}},"statementMap":{"1":{"start":{"line":10,"column":8},"end":{"line":10,"column":46}},"2":{"start":{"line":14,"column":8},"end":{"line":14,"column":44}},"3":{"start":{"line":15,"column":8},"end":{"line":15,"column":43}},"4":{"start":{"line":19,"column":8},"end":{"line":19,"column":44}},"5":{"start":{"line":20,"column":8},"end":{"line":20,"column":51}}},"branchMap":{"1":{"line":13,"type":"if","locations":[{"start":{"line":13,"column":55},"end":{"line":13,"column":55}},{"start":{"line":13,"column":55},"end":{"line":13,"column":55}}]},"2":{"line":14,"type":"if","locations":[{"start":{"line":14,"column":8},"end":{"line":14,"column":8}},{"start":{"line":14,"column":8},"end":{"line":14,"column":8}}]},"3":{"line":18,"type":"if","locations":[{"start":{"line":18,"column":43},"end":{"line":18,"column":43}},{"start":{"line":18,"column":43},"end":{"line":18,"column":43}}]},"4":{"line":19,"type":"if","locations":[{"start":{"line":19,"column":8},"end":{"line":19,"column":8}},{"start":{"line":19,"column":8},"end":{"line":19,"column":8}}]}}}}
