TN:
SF:E:\test\Emanuella\contracts\Lock.sol
FN:13,constructor
FN:23,withdraw
FNF:2
FNH:2
FNDA:2,constructor
FNDA:5,withdraw
DA:14,2
DA:19,1
DA:20,1
DA:27,5
DA:28,4
DA:30,3
DA:32,3
LF:7
LH:7
BRDA:14,1,0,1
BRDA:14,1,1,1
BRDA:27,2,0,4
BRDA:27,2,1,1
BRDA:28,3,0,3
BRDA:28,3,1,1
BRF:6
BRH:6
end_of_record
TN:
SF:E:\test\Emanuella\contracts\SimpleDex.sol
FN:18,constructor
FN:24,addLiquidity
FN:41,removeLiquidity
FN:57,swapAforB
FN:73,swapBforA
FN:89,getPrice
FNF:6
FNH:6
FNDA:5,constructor
FNDA:5,addLiquidity
FNDA:1,removeLiquidity
FNDA:1,swapAforB
FNDA:1,swapBforA
FNDA:2,getPrice
DA:19,5
DA:20,5
DA:21,5
DA:25,5
DA:27,5
DA:28,0
DA:29,0
DA:32,5
DA:33,5
DA:35,5
DA:36,5
DA:38,5
DA:42,1
DA:43,1
DA:45,1
DA:46,1
DA:48,1
DA:49,1
DA:51,1
DA:52,1
DA:54,1
DA:58,1
DA:59,1
DA:61,1
DA:62,1
DA:64,1
DA:65,1
DA:67,1
DA:68,1
DA:70,1
DA:74,1
DA:75,1
DA:77,1
DA:78,1
DA:80,1
DA:81,1
DA:83,1
DA:84,1
DA:86,1
DA:90,2
DA:91,2
DA:92,1
DA:94,1
DA:96,0
LF:44
LH:41
BRDA:19,1,0,5
BRDA:19,1,1,0
BRDA:24,2,0,5
BRDA:24,2,1,0
BRDA:25,3,0,5
BRDA:25,3,1,0
BRDA:27,4,0,0
BRDA:27,4,1,5
BRDA:29,5,0,0
BRDA:29,5,1,0
BRDA:41,6,0,1
BRDA:41,6,1,0
BRDA:42,7,0,1
BRDA:42,7,1,0
BRDA:43,8,0,1
BRDA:43,8,1,0
BRDA:46,9,0,1
BRDA:46,9,1,0
BRDA:58,10,0,1
BRDA:58,10,1,0
BRDA:59,11,0,1
BRDA:59,11,1,0
BRDA:62,12,0,1
BRDA:62,12,1,0
BRDA:74,13,0,1
BRDA:74,13,1,0
BRDA:75,14,0,1
BRDA:75,14,1,0
BRDA:78,15,0,1
BRDA:78,15,1,0
BRDA:90,16,0,2
BRDA:90,16,1,0
BRDA:91,17,0,1
BRDA:91,17,1,1
BRDA:93,18,0,1
BRDA:93,18,1,0
BRF:36
BRH:18
end_of_record
TN:
SF:E:\test\Emanuella\contracts\TokenA.sol
FN:9,constructor
FN:13,mint
FN:18,burn
FNF:3
FNH:2
FNDA:5,constructor
FNDA:5,mint
FNDA:0,burn
DA:10,5
DA:14,5
DA:15,5
DA:19,0
DA:20,0
LF:5
LH:3
BRDA:13,1,0,5
BRDA:13,1,1,0
BRDA:14,2,0,5
BRDA:14,2,1,0
BRDA:18,3,0,0
BRDA:18,3,1,0
BRDA:19,4,0,0
BRDA:19,4,1,0
BRF:8
BRH:2
end_of_record
TN:
SF:E:\test\Emanuella\contracts\TokenB.sol
FN:9,constructor
FN:13,mint
FN:18,burn
FNF:3
FNH:2
FNDA:5,constructor
FNDA:5,mint
FNDA:0,burn
DA:10,5
DA:14,5
DA:15,5
DA:19,0
DA:20,0
LF:5
LH:3
BRDA:13,1,0,5
BRDA:13,1,1,0
BRDA:14,2,0,5
BRDA:14,2,1,0
BRDA:18,3,0,0
BRDA:18,3,1,0
BRDA:19,4,0,0
BRDA:19,4,1,0
BRF:8
BRH:2
end_of_record
